kotlin version: 1.9.24
error message: org.jetbrains.kotlin.backend.common.BackendException: Backend Internal error: Exception during IR lowering
File being compiled: C:/Users/nadav/Desktop/D.E.M/android-telemetry-app/app/src/main/java/com/dem/telemetry/MainActivity.kt
The root cause java.lang.RuntimeException was thrown at: org.jetbrains.kotlin.backend.jvm.codegen.FunctionCodegen.generate(FunctionCodegen.kt:51)
	at org.jetbrains.kotlin.backend.common.CodegenUtil.reportBackendException(CodegenUtil.kt:253)
	at org.jetbrains.kotlin.backend.common.CodegenUtil.reportBackendException$default(CodegenUtil.kt:237)
	at org.jetbrains.kotlin.backend.common.phaser.PerformByIrFilePhase.invokeSequential(performByIrFile.kt:65)
	at org.jetbrains.kotlin.backend.common.phaser.PerformByIrFilePhase.invoke(performByIrFile.kt:52)
	at org.jetbrains.kotlin.backend.common.phaser.PerformByIrFilePhase.invoke(performByIrFile.kt:38)
	at org.jetbrains.kotlin.backend.common.phaser.NamedCompilerPhase.phaseBody(CompilerPhase.kt:147)
	at org.jetbrains.kotlin.backend.common.phaser.AbstractNamedCompilerPhase.invoke(CompilerPhase.kt:94)
	at org.jetbrains.kotlin.backend.common.phaser.CompositePhase.invoke(PhaseBuilders.kt:29)
	at org.jetbrains.kotlin.backend.common.phaser.CompositePhase.invoke(PhaseBuilders.kt:16)
	at org.jetbrains.kotlin.backend.common.phaser.NamedCompilerPhase.phaseBody(CompilerPhase.kt:147)
	at org.jetbrains.kotlin.backend.common.phaser.AbstractNamedCompilerPhase.invoke(CompilerPhase.kt:94)
	at org.jetbrains.kotlin.backend.common.phaser.CompilerPhaseKt.invokeToplevel(CompilerPhase.kt:43)
	at org.jetbrains.kotlin.backend.jvm.JvmIrCodegenFactory.invokeCodegen(JvmIrCodegenFactory.kt:361)
	at org.jetbrains.kotlin.cli.jvm.compiler.KotlinToJVMBytecodeCompiler.runCodegen(KotlinToJVMBytecodeCompiler.kt:347)
	at org.jetbrains.kotlin.cli.jvm.compiler.KotlinToJVMBytecodeCompiler.compileModules$cli(KotlinToJVMBytecodeCompiler.kt:122)
	at org.jetbrains.kotlin.cli.jvm.compiler.KotlinToJVMBytecodeCompiler.compileModules$cli$default(KotlinToJVMBytecodeCompiler.kt:43)
	at org.jetbrains.kotlin.cli.jvm.K2JVMCompiler.doExecute(K2JVMCompiler.kt:165)
	at org.jetbrains.kotlin.cli.jvm.K2JVMCompiler.doExecute(K2JVMCompiler.kt:50)
	at org.jetbrains.kotlin.cli.common.CLICompiler.execImpl(CLICompiler.kt:104)
	at org.jetbrains.kotlin.cli.common.CLICompiler.execImpl(CLICompiler.kt:48)
	at org.jetbrains.kotlin.cli.common.CLITool.exec(CLITool.kt:101)
	at org.jetbrains.kotlin.incremental.IncrementalJvmCompilerRunner.runCompiler(IncrementalJvmCompilerRunner.kt:463)
	at org.jetbrains.kotlin.incremental.IncrementalJvmCompilerRunner.runCompiler(IncrementalJvmCompilerRunner.kt:62)
	at org.jetbrains.kotlin.incremental.IncrementalCompilerRunner.doCompile(IncrementalCompilerRunner.kt:477)
	at org.jetbrains.kotlin.incremental.IncrementalCompilerRunner.compileImpl(IncrementalCompilerRunner.kt:400)
	at org.jetbrains.kotlin.incremental.IncrementalCompilerRunner.compileNonIncrementally(IncrementalCompilerRunner.kt:281)
	at org.jetbrains.kotlin.incremental.IncrementalCompilerRunner.compile(IncrementalCompilerRunner.kt:125)
	at org.jetbrains.kotlin.daemon.CompileServiceImplBase.execIncrementalCompiler(CompileServiceImpl.kt:657)
	at org.jetbrains.kotlin.daemon.CompileServiceImplBase.access$execIncrementalCompiler(CompileServiceImpl.kt:105)
	at org.jetbrains.kotlin.daemon.CompileServiceImpl.compile(CompileServiceImpl.kt:1624)
	at java.base/jdk.internal.reflect.DirectMethodHandleAccessor.invoke(DirectMethodHandleAccessor.java:103)
	at java.base/java.lang.reflect.Method.invoke(Method.java:580)
	at java.rmi/sun.rmi.server.UnicastServerRef.dispatch(UnicastServerRef.java:360)
	at java.rmi/sun.rmi.transport.Transport$1.run(Transport.java:200)
	at java.rmi/sun.rmi.transport.Transport$1.run(Transport.java:197)
	at java.base/java.security.AccessController.doPrivileged(AccessController.java:714)
	at java.rmi/sun.rmi.transport.Transport.serviceCall(Transport.java:196)
	at java.rmi/sun.rmi.transport.tcp.TCPTransport.handleMessages(TCPTransport.java:598)
	at java.rmi/sun.rmi.transport.tcp.TCPTransport$ConnectionHandler.run0(TCPTransport.java:844)
	at java.rmi/sun.rmi.transport.tcp.TCPTransport$ConnectionHandler.lambda$run$0(TCPTransport.java:721)
	at java.base/java.security.AccessController.doPrivileged(AccessController.java:400)
	at java.rmi/sun.rmi.transport.tcp.TCPTransport$ConnectionHandler.run(TCPTransport.java:720)
	at java.base/java.util.concurrent.ThreadPoolExecutor.runWorker(ThreadPoolExecutor.java:1144)
	at java.base/java.util.concurrent.ThreadPoolExecutor$Worker.run(ThreadPoolExecutor.java:642)
	at java.base/java.lang.Thread.run(Thread.java:1575)
Caused by: java.lang.RuntimeException: Exception while generating code for:
FUN name:TelemetryRelayScreen visibility:private modality:FINAL <> () returnType:kotlin.Unit
  annotations:
    Composable
  BLOCK_BODY
    VAR name:context type:android.content.Context [val]
      CALL 'public final fun <get-current> (): T of androidx.compose.runtime.CompositionLocal [inline] declared in androidx.compose.runtime.CompositionLocal' type=android.content.Context origin=GET_PROPERTY
        $this: TYPE_OP type=androidx.compose.runtime.CompositionLocal<T of androidx.compose.runtime.CompositionLocal> origin=IMPLICIT_CAST typeOperand=androidx.compose.runtime.CompositionLocal<T of androidx.compose.runtime.CompositionLocal>
          CALL 'public final fun <get-LocalContext> (): androidx.compose.runtime.ProvidableCompositionLocal<android.content.Context> declared in androidx.compose.ui.platform.AndroidCompositionLocals_androidKt' type=androidx.compose.runtime.ProvidableCompositionLocal<android.content.Context> origin=GET_PROPERTY
    VAR PROPERTY_DELEGATE name:status$delegate type:androidx.compose.runtime.State<com.dem.telemetry.RelayStatus> [val]
      TYPE_OP type=androidx.compose.runtime.State<com.dem.telemetry.RelayStatus> origin=IMPLICIT_CAST typeOperand=androidx.compose.runtime.State<com.dem.telemetry.RelayStatus>
        CALL 'public final fun collectAsStateWithLifecycle$default <T> (lifecycleOwner: androidx.lifecycle.LifecycleOwner?, minActiveState: androidx.lifecycle.Lifecycle.State?, context: kotlin.coroutines.CoroutineContext?, $mask0: kotlin.Int, $handler: kotlin.Any?): androidx.compose.runtime.State<T of androidx.lifecycle.compose.FlowExtKt.collectAsStateWithLifecycle$default> declared in androidx.lifecycle.compose.FlowExtKt' type=androidx.compose.runtime.State<T of androidx.lifecycle.compose.FlowExtKt.collectAsStateWithLifecycle$default> origin=DEFAULT_DISPATCH_CALL
          <T>: com.dem.telemetry.RelayStatus
          $receiver: CALL 'public final fun <get-status> (): kotlinx.coroutines.flow.StateFlow<com.dem.telemetry.RelayStatus> declared in com.dem.telemetry.RelayStatusStore' type=kotlinx.coroutines.flow.StateFlow<com.dem.telemetry.RelayStatus> origin=GET_PROPERTY
            $this: GET_FIELD 'FIELD FIELD_FOR_OBJECT_INSTANCE name:INSTANCE type:com.dem.telemetry.RelayStatusStore visibility:public [final,static]' type=com.dem.telemetry.RelayStatusStore origin=null
          lifecycleOwner: COMPOSITE type=androidx.lifecycle.LifecycleOwner? origin=DEFAULT_VALUE
            CONST Null type=androidx.lifecycle.LifecycleOwner? value=null
          minActiveState: COMPOSITE type=androidx.lifecycle.Lifecycle.State? origin=DEFAULT_VALUE
            CONST Null type=androidx.lifecycle.Lifecycle.State? value=null
          context: COMPOSITE type=kotlin.coroutines.CoroutineContext? origin=DEFAULT_VALUE
            CONST Null type=kotlin.coroutines.CoroutineContext? value=null
          $mask0: CONST Int type=kotlin.Int value=7
          $handler: CONST Null type=kotlin.Any? value=null
    VAR PROPERTY_DELEGATE name:localPortText$delegate type:androidx.compose.runtime.MutableState<kotlin.String> [val]
      TYPE_OP type=androidx.compose.runtime.MutableState<kotlin.String> origin=IMPLICIT_CAST typeOperand=androidx.compose.runtime.MutableState<kotlin.String>
        CALL 'public final fun rememberSaveable$default <T> (vararg inputs: kotlin.Any?, saver: androidx.compose.runtime.saveable.Saver<T of androidx.compose.runtime.saveable.RememberSaveableKt.rememberSaveable$default, out kotlin.Any>?, key: kotlin.String?, init: kotlin.Function0<T of androidx.compose.runtime.saveable.RememberSaveableKt.rememberSaveable$default>, $mask0: kotlin.Int, $handler: kotlin.Any?): T of androidx.compose.runtime.saveable.RememberSaveableKt.rememberSaveable$default declared in androidx.compose.runtime.saveable.RememberSaveableKt' type=T of androidx.compose.runtime.saveable.RememberSaveableKt.rememberSaveable$default origin=DEFAULT_DISPATCH_CALL
          <T>: androidx.compose.runtime.MutableState<kotlin.String>
          inputs: CALL 'public final fun arrayOfNulls <T> (size: kotlin.Int): kotlin.Array<T of kotlin.arrayOfNulls?> declared in kotlin' type=kotlin.Array<out kotlin.Any?> origin=null
            <T>: kotlin.Any?
            size: CONST Int type=kotlin.Int value=0
          saver: COMPOSITE type=androidx.compose.runtime.saveable.Saver<T of androidx.compose.runtime.saveable.RememberSaveableKt.rememberSaveable$default, out kotlin.Any>? origin=DEFAULT_VALUE
            CONST Null type=androidx.compose.runtime.saveable.Saver<T of androidx.compose.runtime.saveable.RememberSaveableKt.rememberSaveable$default, out kotlin.Any>? value=null
          key: COMPOSITE type=kotlin.String? origin=DEFAULT_VALUE
            CONST Null type=kotlin.String? value=null
          init: BLOCK type=com.dem.telemetry.MainActivityKt.TelemetryRelayScreen.<no name provided> origin=null
            CLASS LAMBDA_IMPL CLASS name:<no name provided> modality:FINAL visibility:public/*package*/ superTypes:[kotlin.jvm.internal.Lambda; kotlin.Function0<androidx.compose.runtime.MutableState<kotlin.String>>]
              $this: VALUE_PARAMETER INSTANCE_RECEIVER name:<this> type:com.dem.telemetry.MainActivityKt.TelemetryRelayScreen.<no name provided>
              CONSTRUCTOR GENERATED_MEMBER_IN_CALLABLE_REFERENCE visibility:public/*package*/ <> ($status$delegate:androidx.compose.runtime.State<com.dem.telemetry.RelayStatus>) returnType:com.dem.telemetry.MainActivityKt.TelemetryRelayScreen.<no name provided> [primary]
                VALUE_PARAMETER BOUND_VALUE_PARAMETER name:$status$delegate index:0 type:androidx.compose.runtime.State<com.dem.telemetry.RelayStatus>
                BLOCK_BODY
                  SET_FIELD 'FIELD FIELD_FOR_CAPTURED_VALUE name:$status$delegate type:androidx.compose.runtime.State<com.dem.telemetry.RelayStatus> visibility:public/*package*/ [final]' type=kotlin.Unit origin=INITIALIZER_OF_FIELD_FOR_CAPTURED_VALUE
                    receiver: GET_VAR '<this>: com.dem.telemetry.MainActivityKt.TelemetryRelayScreen.<no name provided> declared in com.dem.telemetry.MainActivityKt.TelemetryRelayScreen.<no name provided>' type=com.dem.telemetry.MainActivityKt.TelemetryRelayScreen.<no name provided> origin=null
                    value: GET_VAR '$status$delegate: androidx.compose.runtime.State<com.dem.telemetry.RelayStatus> declared in com.dem.telemetry.MainActivityKt.TelemetryRelayScreen.<no name provided>.<init>' type=androidx.compose.runtime.State<com.dem.telemetry.RelayStatus> origin=null
                  DELEGATING_CONSTRUCTOR_CALL 'public constructor <init> (arity: kotlin.Int) declared in kotlin.jvm.internal.Lambda'
                    arity: CONST Int type=kotlin.Int value=0
                  BLOCK type=kotlin.Unit origin=null
              FUN name:invoke visibility:public modality:FINAL <> ($this:com.dem.telemetry.MainActivityKt.TelemetryRelayScreen.<no name provided>) returnType:androidx.compose.runtime.MutableState<kotlin.String>
                overridden:
                  public abstract fun invoke (): R of kotlin.Function0 [operator] declared in kotlin.Function0
                $this: VALUE_PARAMETER INSTANCE_RECEIVER name:<this> type:com.dem.telemetry.MainActivityKt.TelemetryRelayScreen.<no name provided>
                BLOCK_BODY
                  RETURN type=kotlin.Nothing from='public final fun invoke (): androidx.compose.runtime.MutableState<kotlin.String> declared in com.dem.telemetry.MainActivityKt.TelemetryRelayScreen.<no name provided>'
                    TYPE_OP type=androidx.compose.runtime.MutableState<kotlin.String> origin=IMPLICIT_CAST typeOperand=androidx.compose.runtime.MutableState<kotlin.String>
                      CALL 'public final fun mutableStateOf$default <T> (value: T of androidx.compose.runtime.SnapshotStateKt.mutableStateOf$default, policy: androidx.compose.runtime.SnapshotMutationPolicy<T of androidx.compose.runtime.SnapshotStateKt.mutableStateOf$default>?, $mask0: kotlin.Int, $handler: kotlin.Any?): androidx.compose.runtime.MutableState<T of androidx.compose.runtime.SnapshotStateKt.mutableStateOf$default> declared in androidx.compose.runtime.SnapshotStateKt' type=androidx.compose.runtime.MutableState<T of androidx.compose.runtime.SnapshotStateKt.mutableStateOf$default> origin=DEFAULT_DISPATCH_CALL
                        <T>: kotlin.String
                        value: CALL 'public final fun valueOf (value: kotlin.Int): kotlin.String declared in java.lang.String' type=kotlin.String origin=null
                          value: CALL 'public final fun <get-localPort> (): kotlin.Int declared in com.dem.telemetry.RelayStatus' type=kotlin.Int origin=GET_PROPERTY
                            $this: CALL 'public final fun access$TelemetryRelayScreen$lambda$0 ($status$delegate: androidx.compose.runtime.State<com.dem.telemetry.RelayStatus>): com.dem.telemetry.RelayStatus declared in com.dem.telemetry.MainActivityKt' type=com.dem.telemetry.RelayStatus origin=GET_LOCAL_PROPERTY
                              $status$delegate: GET_FIELD 'FIELD FIELD_FOR_CAPTURED_VALUE name:$status$delegate type:androidx.compose.runtime.State<com.dem.telemetry.RelayStatus> visibility:public/*package*/ [final]' type=androidx.compose.runtime.State<com.dem.telemetry.RelayStatus> origin=null
                                receiver: GET_VAR '<this>: com.dem.telemetry.MainActivityKt.TelemetryRelayScreen.<no name provided> declared in com.dem.telemetry.MainActivityKt.TelemetryRelayScreen.<no name provided>.invoke' type=com.dem.telemetry.MainActivityKt.TelemetryRelayScreen.<no name provided> origin=null
                        policy: COMPOSITE type=androidx.compose.runtime.SnapshotMutationPolicy<T of androidx.compose.runtime.SnapshotStateKt.mutableStateOf$default>? origin=DEFAULT_VALUE
                          CONST Null type=androidx.compose.runtime.SnapshotMutationPolicy<T of androidx.compose.runtime.SnapshotStateKt.mutableStateOf$default>? value=null
                        $mask0: CONST Int type=kotlin.Int value=2
                        $handler: CONST Null type=kotlin.Any? value=null
              FIELD FIELD_FOR_CAPTURED_VALUE name:$status$delegate type:androidx.compose.runtime.State<com.dem.telemetry.RelayStatus> visibility:public/*package*/ [final]
              FUN BRIDGE name:invoke visibility:public modality:OPEN <> ($this:com.dem.telemetry.MainActivityKt.TelemetryRelayScreen.<no name provided>) returnType:kotlin.Any?
                $this: VALUE_PARAMETER INSTANCE_RECEIVER name:<this> type:com.dem.telemetry.MainActivityKt.TelemetryRelayScreen.<no name provided>
                EXPRESSION_BODY
                  RETURN type=kotlin.Nothing from='public open fun invoke (): kotlin.Any? declared in com.dem.telemetry.MainActivityKt.TelemetryRelayScreen.<no name provided>'
                    CALL 'public final fun invoke (): androidx.compose.runtime.MutableState<kotlin.String> declared in com.dem.telemetry.MainActivityKt.TelemetryRelayScreen.<no name provided>' type=androidx.compose.runtime.MutableState<kotlin.String> origin=BRIDGE_DELEGATION
                      $this: GET_VAR '<this>: com.dem.telemetry.MainActivityKt.TelemetryRelayScreen.<no name provided> declared in com.dem.telemetry.MainActivityKt.TelemetryRelayScreen.<no name provided>.invoke' type=com.dem.telemetry.MainActivityKt.TelemetryRelayScreen.<no name provided> origin=null
            CONSTRUCTOR_CALL 'public/*package*/ constructor <init> ($status$delegate: androidx.compose.runtime.State<com.dem.telemetry.RelayStatus>) [primary] declared in com.dem.telemetry.MainActivityKt.TelemetryRelayScreen.<no name provided>' type=com.dem.telemetry.MainActivityKt.TelemetryRelayScreen.<no name provided> origin=null
              $status$delegate: GET_VAR 'val status$delegate: androidx.compose.runtime.State<com.dem.telemetry.RelayStatus> [val] declared in com.dem.telemetry.MainActivityKt.TelemetryRelayScreen' type=androidx.compose.runtime.State<com.dem.telemetry.RelayStatus> origin=null
          $mask0: CONST Int type=kotlin.Int value=6
          $handler: CONST Null type=kotlin.Any? value=null
    VAR PROPERTY_DELEGATE name:remoteHost$delegate type:androidx.compose.runtime.MutableState<kotlin.String> [val]
      TYPE_OP type=androidx.compose.runtime.MutableState<kotlin.String> origin=IMPLICIT_CAST typeOperand=androidx.compose.runtime.MutableState<kotlin.String>
        CALL 'public final fun rememberSaveable$default <T> (vararg inputs: kotlin.Any?, saver: androidx.compose.runtime.saveable.Saver<T of androidx.compose.runtime.saveable.RememberSaveableKt.rememberSaveable$default, out kotlin.Any>?, key: kotlin.String?, init: kotlin.Function0<T of androidx.compose.runtime.saveable.RememberSaveableKt.rememberSaveable$default>, $mask0: kotlin.Int, $handler: kotlin.Any?): T of androidx.compose.runtime.saveable.RememberSaveableKt.rememberSaveable$default declared in androidx.compose.runtime.saveable.RememberSaveableKt' type=T of androidx.compose.runtime.saveable.RememberSaveableKt.rememberSaveable$default origin=DEFAULT_DISPATCH_CALL
          <T>: androidx.compose.runtime.MutableState<kotlin.String>
          inputs: CALL 'public final fun arrayOfNulls <T> (size: kotlin.Int): kotlin.Array<T of kotlin.arrayOfNulls?> declared in kotlin' type=kotlin.Array<out kotlin.Any?> origin=null
            <T>: kotlin.Any?
            size: CONST Int type=kotlin.Int value=0
          saver: COMPOSITE type=androidx.compose.runtime.saveable.Saver<T of androidx.compose.runtime.saveable.RememberSaveableKt.rememberSaveable$default, out kotlin.Any>? origin=DEFAULT_VALUE
            CONST Null type=androidx.compose.runtime.saveable.Saver<T of androidx.compose.runtime.saveable.RememberSaveableKt.rememberSaveable$default, out kotlin.Any>? value=null
          key: COMPOSITE type=kotlin.String? origin=DEFAULT_VALUE
            CONST Null type=kotlin.String? value=null
          init: BLOCK type=com.dem.telemetry.MainActivityKt.TelemetryRelayScreen.<no name provided> origin=null
            CLASS LAMBDA_IMPL CLASS name:<no name provided> modality:FINAL visibility:public/*package*/ superTypes:[kotlin.jvm.internal.Lambda; kotlin.Function0<androidx.compose.runtime.MutableState<kotlin.String>>]
              $this: VALUE_PARAMETER INSTANCE_RECEIVER name:<this> type:com.dem.telemetry.MainActivityKt.TelemetryRelayScreen.<no name provided>
              CONSTRUCTOR GENERATED_MEMBER_IN_CALLABLE_REFERENCE visibility:public/*package*/ <> ($status$delegate:androidx.compose.runtime.State<com.dem.telemetry.RelayStatus>) returnType:com.dem.telemetry.MainActivityKt.TelemetryRelayScreen.<no name provided> [primary]
                VALUE_PARAMETER BOUND_VALUE_PARAMETER name:$status$delegate index:0 type:androidx.compose.runtime.State<com.dem.telemetry.RelayStatus>
                BLOCK_BODY
                  SET_FIELD 'FIELD FIELD_FOR_CAPTURED_VALUE name:$status$delegate type:androidx.compose.runtime.State<com.dem.telemetry.RelayStatus> visibility:public/*package*/ [final]' type=kotlin.Unit origin=INITIALIZER_OF_FIELD_FOR_CAPTURED_VALUE
                    receiver: GET_VAR '<this>: com.dem.telemetry.MainActivityKt.TelemetryRelayScreen.<no name provided> declared in com.dem.telemetry.MainActivityKt.TelemetryRelayScreen.<no name provided>' type=com.dem.telemetry.MainActivityKt.TelemetryRelayScreen.<no name provided> origin=null
                    value: GET_VAR '$status$delegate: androidx.compose.runtime.State<com.dem.telemetry.RelayStatus> declared in com.dem.telemetry.MainActivityKt.TelemetryRelayScreen.<no name provided>.<init>' type=androidx.compose.runtime.State<com.dem.telemetry.RelayStatus> origin=null
                  DELEGATING_CONSTRUCTOR_CALL 'public constructor <init> (arity: kotlin.Int) declared in kotlin.jvm.internal.Lambda'
                    arity: CONST Int type=kotlin.Int value=0
                  BLOCK type=kotlin.Unit origin=null
              FUN name:invoke visibility:public modality:FINAL <> ($this:com.dem.telemetry.MainActivityKt.TelemetryRelayScreen.<no name provided>) returnType:androidx.compose.runtime.MutableState<kotlin.String>
                overridden:
                  public abstract fun invoke (): R of kotlin.Function0 [operator] declared in kotlin.Function0
                $this: VALUE_PARAMETER INSTANCE_RECEIVER name:<this> type:com.dem.telemetry.MainActivityKt.TelemetryRelayScreen.<no name provided>
                BLOCK_BODY
                  RETURN type=kotlin.Nothing from='public final fun invoke (): androidx.compose.runtime.MutableState<kotlin.String> declared in com.dem.telemetry.MainActivityKt.TelemetryRelayScreen.<no name provided>'
                    TYPE_OP type=androidx.compose.runtime.MutableState<kotlin.String> origin=IMPLICIT_CAST typeOperand=androidx.compose.runtime.MutableState<kotlin.String>
                      CALL 'public final fun mutableStateOf$default <T> (value: T of androidx.compose.runtime.SnapshotStateKt.mutableStateOf$default, policy: androidx.compose.runtime.SnapshotMutationPolicy<T of androidx.compose.runtime.SnapshotStateKt.mutableStateOf$default>?, $mask0: kotlin.Int, $handler: kotlin.Any?): androidx.compose.runtime.MutableState<T of androidx.compose.runtime.SnapshotStateKt.mutableStateOf$default> declared in androidx.compose.runtime.SnapshotStateKt' type=androidx.compose.runtime.MutableState<T of androidx.compose.runtime.SnapshotStateKt.mutableStateOf$default> origin=DEFAULT_DISPATCH_CALL
                        <T>: kotlin.String
                        value: CALL 'public final fun <get-remoteHost> (): kotlin.String declared in com.dem.telemetry.RelayStatus' type=kotlin.String origin=GET_PROPERTY
                          $this: CALL 'public final fun access$TelemetryRelayScreen$lambda$0 ($status$delegate: androidx.compose.runtime.State<com.dem.telemetry.RelayStatus>): com.dem.telemetry.RelayStatus declared in com.dem.telemetry.MainActivityKt' type=com.dem.telemetry.RelayStatus origin=GET_LOCAL_PROPERTY
                            $status$delegate: GET_FIELD 'FIELD FIELD_FOR_CAPTURED_VALUE name:$status$delegate type:androidx.compose.runtime.State<com.dem.telemetry.RelayStatus> visibility:public/*package*/ [final]' type=androidx.compose.runtime.State<com.dem.telemetry.RelayStatus> origin=null
                              receiver: GET_VAR '<this>: com.dem.telemetry.MainActivityKt.TelemetryRelayScreen.<no name provided> declared in com.dem.telemetry.MainActivityKt.TelemetryRelayScreen.<no name provided>.invoke' type=com.dem.telemetry.MainActivityKt.TelemetryRelayScreen.<no name provided> origin=null
                        policy: COMPOSITE type=androidx.compose.runtime.SnapshotMutationPolicy<T of androidx.compose.runtime.SnapshotStateKt.mutableStateOf$default>? origin=DEFAULT_VALUE
                          CONST Null type=androidx.compose.runtime.SnapshotMutationPolicy<T of androidx.compose.runtime.SnapshotStateKt.mutableStateOf$default>? value=null
                        $mask0: CONST Int type=kotlin.Int value=2
                        $handler: CONST Null type=kotlin.Any? value=null
              FIELD FIELD_FOR_CAPTURED_VALUE name:$status$delegate type:androidx.compose.runtime.State<com.dem.telemetry.RelayStatus> visibility:public/*package*/ [final]
              FUN BRIDGE name:invoke visibility:public modality:OPEN <> ($this:com.dem.telemetry.MainActivityKt.TelemetryRelayScreen.<no name provided>) returnType:kotlin.Any?
                $this: VALUE_PARAMETER INSTANCE_RECEIVER name:<this> type:com.dem.telemetry.MainActivityKt.TelemetryRelayScreen.<no name provided>
                EXPRESSION_BODY
                  RETURN type=kotlin.Nothing from='public open fun invoke (): kotlin.Any? declared in com.dem.telemetry.MainActivityKt.TelemetryRelayScreen.<no name provided>'
                    CALL 'public final fun invoke (): androidx.compose.runtime.MutableState<kotlin.String> declared in com.dem.telemetry.MainActivityKt.TelemetryRelayScreen.<no name provided>' type=androidx.compose.runtime.MutableState<kotlin.String> origin=BRIDGE_DELEGATION
                      $this: GET_VAR '<this>: com.dem.telemetry.MainActivityKt.TelemetryRelayScreen.<no name provided> declared in com.dem.telemetry.MainActivityKt.TelemetryRelayScreen.<no name provided>.invoke' type=com.dem.telemetry.MainActivityKt.TelemetryRelayScreen.<no name provided> origin=null
            CONSTRUCTOR_CALL 'public/*package*/ constructor <init> ($status$delegate: androidx.compose.runtime.State<com.dem.telemetry.RelayStatus>) [primary] declared in com.dem.telemetry.MainActivityKt.TelemetryRelayScreen.<no name provided>' type=com.dem.telemetry.MainActivityKt.TelemetryRelayScreen.<no name provided> origin=null
              $status$delegate: GET_VAR 'val status$delegate: androidx.compose.runtime.State<com.dem.telemetry.RelayStatus> [val] declared in com.dem.telemetry.MainActivityKt.TelemetryRelayScreen' type=androidx.compose.runtime.State<com.dem.telemetry.RelayStatus> origin=null
          $mask0: CONST Int type=kotlin.Int value=6
          $handler: CONST Null type=kotlin.Any? value=null
    VAR PROPERTY_DELEGATE name:remotePortText$delegate type:androidx.compose.runtime.MutableState<kotlin.String> [val]
      TYPE_OP type=androidx.compose.runtime.MutableState<kotlin.String> origin=IMPLICIT_CAST typeOperand=androidx.compose.runtime.MutableState<kotlin.String>
        CALL 'public final fun rememberSaveable$default <T> (vararg inputs: kotlin.Any?, saver: androidx.compose.runtime.saveable.Saver<T of androidx.compose.runtime.saveable.RememberSaveableKt.rememberSaveable$default, out kotlin.Any>?, key: kotlin.String?, init: kotlin.Function0<T of androidx.compose.runtime.saveable.RememberSaveableKt.rememberSaveable$default>, $mask0: kotlin.Int, $handler: kotlin.Any?): T of androidx.compose.runtime.saveable.RememberSaveableKt.rememberSaveable$default declared in androidx.compose.runtime.saveable.RememberSaveableKt' type=T of androidx.compose.runtime.saveable.RememberSaveableKt.rememberSaveable$default origin=DEFAULT_DISPATCH_CALL
          <T>: androidx.compose.runtime.MutableState<kotlin.String>
          inputs: CALL 'public final fun arrayOfNulls <T> (size: kotlin.Int): kotlin.Array<T of kotlin.arrayOfNulls?> declared in kotlin' type=kotlin.Array<out kotlin.Any?> origin=null
            <T>: kotlin.Any?
            size: CONST Int type=kotlin.Int value=0
          saver: COMPOSITE type=androidx.compose.runtime.saveable.Saver<T of androidx.compose.runtime.saveable.RememberSaveableKt.rememberSaveable$default, out kotlin.Any>? origin=DEFAULT_VALUE
            CONST Null type=androidx.compose.runtime.saveable.Saver<T of androidx.compose.runtime.saveable.RememberSaveableKt.rememberSaveable$default, out kotlin.Any>? value=null
          key: COMPOSITE type=kotlin.String? origin=DEFAULT_VALUE
            CONST Null type=kotlin.String? value=null
          init: BLOCK type=com.dem.telemetry.MainActivityKt.TelemetryRelayScreen.<no name provided> origin=null
            CLASS LAMBDA_IMPL CLASS name:<no name provided> modality:FINAL visibility:public/*package*/ superTypes:[kotlin.jvm.internal.Lambda; kotlin.Function0<androidx.compose.runtime.MutableState<kotlin.String>>]
              $this: VALUE_PARAMETER INSTANCE_RECEIVER name:<this> type:com.dem.telemetry.MainActivityKt.TelemetryRelayScreen.<no name provided>
              CONSTRUCTOR GENERATED_MEMBER_IN_CALLABLE_REFERENCE visibility:public/*package*/ <> ($status$delegate:androidx.compose.runtime.State<com.dem.telemetry.RelayStatus>) returnType:com.dem.telemetry.MainActivityKt.TelemetryRelayScreen.<no name provided> [primary]
                VALUE_PARAMETER BOUND_VALUE_PARAMETER name:$status$delegate index:0 type:androidx.compose.runtime.State<com.dem.telemetry.RelayStatus>
                BLOCK_BODY
                  SET_FIELD 'FIELD FIELD_FOR_CAPTURED_VALUE name:$status$delegate type:androidx.compose.runtime.State<com.dem.telemetry.RelayStatus> visibility:public/*package*/ [final]' type=kotlin.Unit origin=INITIALIZER_OF_FIELD_FOR_CAPTURED_VALUE
                    receiver: GET_VAR '<this>: com.dem.telemetry.MainActivityKt.TelemetryRelayScreen.<no name provided> declared in com.dem.telemetry.MainActivityKt.TelemetryRelayScreen.<no name provided>' type=com.dem.telemetry.MainActivityKt.TelemetryRelayScreen.<no name provided> origin=null
                    value: GET_VAR '$status$delegate: androidx.compose.runtime.State<com.dem.telemetry.RelayStatus> declared in com.dem.telemetry.MainActivityKt.TelemetryRelayScreen.<no name provided>.<init>' type=androidx.compose.runtime.State<com.dem.telemetry.RelayStatus> origin=null
                  DELEGATING_CONSTRUCTOR_CALL 'public constructor <init> (arity: kotlin.Int) declared in kotlin.jvm.internal.Lambda'
                    arity: CONST Int type=kotlin.Int value=0
                  BLOCK type=kotlin.Unit origin=null
              FUN name:invoke visibility:public modality:FINAL <> ($this:com.dem.telemetry.MainActivityKt.TelemetryRelayScreen.<no name provided>) returnType:androidx.compose.runtime.MutableState<kotlin.String>
                overridden:
                  public abstract fun invoke (): R of kotlin.Function0 [operator] declared in kotlin.Function0
                $this: VALUE_PARAMETER INSTANCE_RECEIVER name:<this> type:com.dem.telemetry.MainActivityKt.TelemetryRelayScreen.<no name provided>
                BLOCK_BODY
                  RETURN type=kotlin.Nothing from='public final fun invoke (): androidx.compose.runtime.MutableState<kotlin.String> declared in com.dem.telemetry.MainActivityKt.TelemetryRelayScreen.<no name provided>'
                    TYPE_OP type=androidx.compose.runtime.MutableState<kotlin.String> origin=IMPLICIT_CAST typeOperand=androidx.compose.runtime.MutableState<kotlin.String>
                      CALL 'public final fun mutableStateOf$default <T> (value: T of androidx.compose.runtime.SnapshotStateKt.mutableStateOf$default, policy: androidx.compose.runtime.SnapshotMutationPolicy<T of androidx.compose.runtime.SnapshotStateKt.mutableStateOf$default>?, $mask0: kotlin.Int, $handler: kotlin.Any?): androidx.compose.runtime.MutableState<T of androidx.compose.runtime.SnapshotStateKt.mutableStateOf$default> declared in androidx.compose.runtime.SnapshotStateKt' type=androidx.compose.runtime.MutableState<T of androidx.compose.runtime.SnapshotStateKt.mutableStateOf$default> origin=DEFAULT_DISPATCH_CALL
                        <T>: kotlin.String
                        value: CALL 'public final fun valueOf (value: kotlin.Int): kotlin.String declared in java.lang.String' type=kotlin.String origin=null
                          value: CALL 'public final fun <get-remotePort> (): kotlin.Int declared in com.dem.telemetry.RelayStatus' type=kotlin.Int origin=GET_PROPERTY
                            $this: CALL 'public final fun access$TelemetryRelayScreen$lambda$0 ($status$delegate: androidx.compose.runtime.State<com.dem.telemetry.RelayStatus>): com.dem.telemetry.RelayStatus declared in com.dem.telemetry.MainActivityKt' type=com.dem.telemetry.RelayStatus origin=GET_LOCAL_PROPERTY
                              $status$delegate: GET_FIELD 'FIELD FIELD_FOR_CAPTURED_VALUE name:$status$delegate type:androidx.compose.runtime.State<com.dem.telemetry.RelayStatus> visibility:public/*package*/ [final]' type=androidx.compose.runtime.State<com.dem.telemetry.RelayStatus> origin=null
                                receiver: GET_VAR '<this>: com.dem.telemetry.MainActivityKt.TelemetryRelayScreen.<no name provided> declared in com.dem.telemetry.MainActivityKt.TelemetryRelayScreen.<no name provided>.invoke' type=com.dem.telemetry.MainActivityKt.TelemetryRelayScreen.<no name provided> origin=null
                        policy: COMPOSITE type=androidx.compose.runtime.SnapshotMutationPolicy<T of androidx.compose.runtime.SnapshotStateKt.mutableStateOf$default>? origin=DEFAULT_VALUE
                          CONST Null type=androidx.compose.runtime.SnapshotMutationPolicy<T of androidx.compose.runtime.SnapshotStateKt.mutableStateOf$default>? value=null
                        $mask0: CONST Int type=kotlin.Int value=2
                        $handler: CONST Null type=kotlin.Any? value=null
              FIELD FIELD_FOR_CAPTURED_VALUE name:$status$delegate type:androidx.compose.runtime.State<com.dem.telemetry.RelayStatus> visibility:public/*package*/ [final]
              FUN BRIDGE name:invoke visibility:public modality:OPEN <> ($this:com.dem.telemetry.MainActivityKt.TelemetryRelayScreen.<no name provided>) returnType:kotlin.Any?
                $this: VALUE_PARAMETER INSTANCE_RECEIVER name:<this> type:com.dem.telemetry.MainActivityKt.TelemetryRelayScreen.<no name provided>
                EXPRESSION_BODY
                  RETURN type=kotlin.Nothing from='public open fun invoke (): kotlin.Any? declared in com.dem.telemetry.MainActivityKt.TelemetryRelayScreen.<no name provided>'
                    CALL 'public final fun invoke (): androidx.compose.runtime.MutableState<kotlin.String> declared in com.dem.telemetry.MainActivityKt.TelemetryRelayScreen.<no name provided>' type=androidx.compose.runtime.MutableState<kotlin.String> origin=BRIDGE_DELEGATION
                      $this: GET_VAR '<this>: com.dem.telemetry.MainActivityKt.TelemetryRelayScreen.<no name provided> declared in com.dem.telemetry.MainActivityKt.TelemetryRelayScreen.<no name provided>.invoke' type=com.dem.telemetry.MainActivityKt.TelemetryRelayScreen.<no name provided> origin=null
            CONSTRUCTOR_CALL 'public/*package*/ constructor <init> ($status$delegate: androidx.compose.runtime.State<com.dem.telemetry.RelayStatus>) [primary] declared in com.dem.telemetry.MainActivityKt.TelemetryRelayScreen.<no name provided>' type=com.dem.telemetry.MainActivityKt.TelemetryRelayScreen.<no name provided> origin=null
              $status$delegate: GET_VAR 'val status$delegate: androidx.compose.runtime.State<com.dem.telemetry.RelayStatus> [val] declared in com.dem.telemetry.MainActivityKt.TelemetryRelayScreen' type=androidx.compose.runtime.State<com.dem.telemetry.RelayStatus> origin=null
          $mask0: CONST Int type=kotlin.Int value=6
          $handler: CONST Null type=kotlin.Any? value=null
    VAR PROPERTY_DELEGATE name:hasNotificationPermission$delegate type:androidx.compose.runtime.MutableState<kotlin.Boolean> [val]
      CALL 'public final fun remember <T> (calculation: @[DisallowComposableCalls] kotlin.Function0<T of androidx.compose.runtime.ComposablesKt.remember>): T of androidx.compose.runtime.ComposablesKt.remember [inline] declared in androidx.compose.runtime.ComposablesKt' type=androidx.compose.runtime.MutableState<kotlin.Boolean> origin=null
        <T>: androidx.compose.runtime.MutableState<kotlin.Boolean>
        calculation: BLOCK type=kotlin.Function0<androidx.compose.runtime.MutableState<kotlin.Boolean>> origin=LAMBDA
          COMPOSITE type=kotlin.Unit origin=null
          FUNCTION_REFERENCE 'private final fun TelemetryRelayScreen$lambda$7 (): androidx.compose.runtime.MutableState<kotlin.Boolean> declared in com.dem.telemetry.MainActivityKt' type=kotlin.Function0<androidx.compose.runtime.MutableState<kotlin.Boolean>> origin=INLINE_LAMBDA reflectionTarget=null
    VAR name:permissionLauncher type:androidx.activity.compose.ManagedActivityResultLauncher<kotlin.String, kotlin.Boolean> [val]
      CALL 'public final fun rememberLauncherForActivityResult <I, O> (contract: androidx.activity.result.contract.ActivityResultContract<I of androidx.activity.compose.ActivityResultRegistryKt.rememberLauncherForActivityResult, O of androidx.activity.compose.ActivityResultRegistryKt.rememberLauncherForActivityResult>, onResult: kotlin.Function1<O of androidx.activity.compose.ActivityResultRegistryKt.rememberLauncherForActivityResult, kotlin.Unit>): androidx.activity.compose.ManagedActivityResultLauncher<I of androidx.activity.compose.ActivityResultRegistryKt.rememberLauncherForActivityResult, O of androidx.activity.compose.ActivityResultRegistryKt.rememberLauncherForActivityResult> declared in androidx.activity.compose.ActivityResultRegistryKt' type=androidx.activity.compose.ManagedActivityResultLauncher<kotlin.String, kotlin.Boolean> origin=null
        <I>: kotlin.String
        <O>: kotlin.Boolean
        contract: CONSTRUCTOR_CALL 'public constructor <init> () [primary] declared in androidx.activity.result.contract.ActivityResultContracts.RequestPermission' type=androidx.activity.result.contract.ActivityResultContracts.RequestPermission origin=null
        onResult: BLOCK type=com.dem.telemetry.MainActivityKt.TelemetryRelayScreen.<no name provided> origin=null
          CLASS LAMBDA_IMPL CLASS name:<no name provided> modality:FINAL visibility:public/*package*/ superTypes:[kotlin.jvm.internal.Lambda; kotlin.Function1<kotlin.Boolean, kotlin.Unit>]
            $this: VALUE_PARAMETER INSTANCE_RECEIVER name:<this> type:com.dem.telemetry.MainActivityKt.TelemetryRelayScreen.<no name provided>
            CONSTRUCTOR GENERATED_MEMBER_IN_CALLABLE_REFERENCE visibility:public/*package*/ <> ($hasNotificationPermission$delegate:androidx.compose.runtime.MutableState<kotlin.Boolean>) returnType:com.dem.telemetry.MainActivityKt.TelemetryRelayScreen.<no name provided> [primary]
              VALUE_PARAMETER BOUND_VALUE_PARAMETER name:$hasNotificationPermission$delegate index:0 type:androidx.compose.runtime.MutableState<kotlin.Boolean>
              BLOCK_BODY
                SET_FIELD 'FIELD FIELD_FOR_CAPTURED_VALUE name:$hasNotificationPermission$delegate type:androidx.compose.runtime.MutableState<kotlin.Boolean> visibility:public/*package*/ [final]' type=kotlin.Unit origin=INITIALIZER_OF_FIELD_FOR_CAPTURED_VALUE
                  receiver: GET_VAR '<this>: com.dem.telemetry.MainActivityKt.TelemetryRelayScreen.<no name provided> declared in com.dem.telemetry.MainActivityKt.TelemetryRelayScreen.<no name provided>' type=com.dem.telemetry.MainActivityKt.TelemetryRelayScreen.<no name provided> origin=null
                  value: GET_VAR '$hasNotificationPermission$delegate: androidx.compose.runtime.MutableState<kotlin.Boolean> declared in com.dem.telemetry.MainActivityKt.TelemetryRelayScreen.<no name provided>.<init>' type=androidx.compose.runtime.MutableState<kotlin.Boolean> origin=null
                DELEGATING_CONSTRUCTOR_CALL 'public constructor <init> (arity: kotlin.Int) declared in kotlin.jvm.internal.Lambda'
                  arity: CONST Int type=kotlin.Int value=1
                BLOCK type=kotlin.Unit origin=null
            FUN name:invoke visibility:public modality:FINAL <> ($this:com.dem.telemetry.MainActivityKt.TelemetryRelayScreen.<no name provided>, granted:kotlin.Boolean) returnType:kotlin.Unit
              overridden:
                public abstract fun invoke (p1: P1 of kotlin.Function1): R of kotlin.Function1 [operator] declared in kotlin.Function1
              $this: VALUE_PARAMETER INSTANCE_RECEIVER name:<this> type:com.dem.telemetry.MainActivityKt.TelemetryRelayScreen.<no name provided>
              VALUE_PARAMETER name:granted index:0 type:kotlin.Boolean
              BLOCK_BODY
                CALL 'public final fun access$TelemetryRelayScreen$lambda$9 ($hasNotificationPermission$delegate: androidx.compose.runtime.MutableState<kotlin.Boolean>, value: kotlin.Boolean): kotlin.Unit declared in com.dem.telemetry.MainActivityKt' type=kotlin.Unit origin=EQ
                  $hasNotificationPermission$delegate: GET_FIELD 'FIELD FIELD_FOR_CAPTURED_VALUE name:$hasNotificationPermission$delegate type:androidx.compose.runtime.MutableState<kotlin.Boolean> visibility:public/*package*/ [final]' type=androidx.compose.runtime.MutableState<kotlin.Boolean> origin=null
                    receiver: GET_VAR '<this>: com.dem.telemetry.MainActivityKt.TelemetryRelayScreen.<no name provided> declared in com.dem.telemetry.MainActivityKt.TelemetryRelayScreen.<no name provided>.invoke' type=com.dem.telemetry.MainActivityKt.TelemetryRelayScreen.<no name provided> origin=null
                  value: GET_VAR 'granted: kotlin.Boolean declared in com.dem.telemetry.MainActivityKt.TelemetryRelayScreen.<no name provided>.invoke' type=kotlin.Boolean origin=null
            FIELD FIELD_FOR_CAPTURED_VALUE name:$hasNotificationPermission$delegate type:androidx.compose.runtime.MutableState<kotlin.Boolean> visibility:public/*package*/ [final]
            FUN BRIDGE name:invoke visibility:public modality:OPEN <> ($this:com.dem.telemetry.MainActivityKt.TelemetryRelayScreen.<no name provided>, p1:kotlin.Any?) returnType:kotlin.Any?
              $this: VALUE_PARAMETER INSTANCE_RECEIVER name:<this> type:com.dem.telemetry.MainActivityKt.TelemetryRelayScreen.<no name provided>
              VALUE_PARAMETER BRIDGE name:p1 index:0 type:kotlin.Any?
              EXPRESSION_BODY
                RETURN type=kotlin.Nothing from='public open fun invoke (p1: kotlin.Any?): kotlin.Any? declared in com.dem.telemetry.MainActivityKt.TelemetryRelayScreen.<no name provided>'
                  CALL 'public final fun invoke (granted: kotlin.Boolean): kotlin.Unit declared in com.dem.telemetry.MainActivityKt.TelemetryRelayScreen.<no name provided>' type=kotlin.Unit origin=BRIDGE_DELEGATION
                    $this: GET_VAR '<this>: com.dem.telemetry.MainActivityKt.TelemetryRelayScreen.<no name provided> declared in com.dem.telemetry.MainActivityKt.TelemetryRelayScreen.<no name provided>.invoke' type=com.dem.telemetry.MainActivityKt.TelemetryRelayScreen.<no name provided> origin=null
                    granted: TYPE_OP type=kotlin.Boolean origin=IMPLICIT_CAST typeOperand=kotlin.Boolean
                      GET_VAR 'p1: kotlin.Any? declared in com.dem.telemetry.MainActivityKt.TelemetryRelayScreen.<no name provided>.invoke' type=kotlin.Any? origin=null
          CONSTRUCTOR_CALL 'public/*package*/ constructor <init> ($hasNotificationPermission$delegate: androidx.compose.runtime.MutableState<kotlin.Boolean>) [primary] declared in com.dem.telemetry.MainActivityKt.TelemetryRelayScreen.<no name provided>' type=com.dem.telemetry.MainActivityKt.TelemetryRelayScreen.<no name provided> origin=null
            $hasNotificationPermission$delegate: GET_VAR 'val hasNotificationPermission$delegate: androidx.compose.runtime.MutableState<kotlin.Boolean> [val] declared in com.dem.telemetry.MainActivityKt.TelemetryRelayScreen' type=androidx.compose.runtime.MutableState<kotlin.Boolean> origin=null
    CALL 'public final fun LaunchedEffect (key1: kotlin.Any?, block: @[ExtensionFunctionType] kotlin.coroutines.SuspendFunction1<kotlinx.coroutines.CoroutineScope, kotlin.Unit>): kotlin.Unit declared in androidx.compose.runtime.EffectsKt' type=kotlin.Unit origin=null
      key1: GET_FIELD 'FIELD FIELD_FOR_OBJECT_INSTANCE name:INSTANCE type:kotlin.Unit visibility:public [final,static]' type=kotlin.Unit origin=null
      block: BLOCK type=com.dem.telemetry.MainActivityKt.TelemetryRelayScreen.<no name provided> origin=null
        CLASS SUSPEND_LAMBDA CLASS name:<no name provided> modality:FINAL visibility:public/*package*/ superTypes:[kotlin.coroutines.jvm.internal.SuspendLambda; kotlin.jvm.functions.Function2<kotlinx.coroutines.CoroutineScope, kotlin.coroutines.Continuation<kotlin.Unit>?, kotlin.Any?>]
          $this: VALUE_PARAMETER INSTANCE_RECEIVER name:<this> type:com.dem.telemetry.MainActivityKt.TelemetryRelayScreen.<no name provided>
          FIELD name:label type:kotlin.Int visibility:public/*package*/
          CONSTRUCTOR SUSPEND_LAMBDA visibility:public/*package*/ <> ($permissionLauncher:androidx.activity.compose.ManagedActivityResultLauncher<kotlin.String, kotlin.Boolean>, $hasNotificationPermission$delegate:androidx.compose.runtime.MutableState<kotlin.Boolean>, $completion:kotlin.coroutines.Continuation<com.dem.telemetry.MainActivityKt.TelemetryRelayScreen.<no name provided>>?) returnType:com.dem.telemetry.MainActivityKt.TelemetryRelayScreen.<no name provided> [primary]
            VALUE_PARAMETER BOUND_VALUE_PARAMETER name:$permissionLauncher index:0 type:androidx.activity.compose.ManagedActivityResultLauncher<kotlin.String, kotlin.Boolean>
            VALUE_PARAMETER BOUND_VALUE_PARAMETER name:$hasNotificationPermission$delegate index:1 type:androidx.compose.runtime.MutableState<kotlin.Boolean>
            VALUE_PARAMETER name:$completion index:2 type:kotlin.coroutines.Continuation<com.dem.telemetry.MainActivityKt.TelemetryRelayScreen.<no name provided>>?
            BLOCK_BODY
              SET_FIELD 'FIELD FIELD_FOR_CAPTURED_VALUE name:$permissionLauncher type:androidx.activity.compose.ManagedActivityResultLauncher<kotlin.String, kotlin.Boolean> visibility:public/*package*/ [final]' type=kotlin.Unit origin=INITIALIZER_OF_FIELD_FOR_CAPTURED_VALUE
                receiver: GET_VAR '<this>: com.dem.telemetry.MainActivityKt.TelemetryRelayScreen.<no name provided> declared in com.dem.telemetry.MainActivityKt.TelemetryRelayScreen.<no name provided>' type=com.dem.telemetry.MainActivityKt.TelemetryRelayScreen.<no name provided> origin=null
                value: GET_VAR '$permissionLauncher: androidx.activity.compose.ManagedActivityResultLauncher<kotlin.String, kotlin.Boolean> declared in com.dem.telemetry.MainActivityKt.TelemetryRelayScreen.<no name provided>.<init>' type=androidx.activity.compose.ManagedActivityResultLauncher<kotlin.String, kotlin.Boolean> origin=null
              SET_FIELD 'FIELD FIELD_FOR_CAPTURED_VALUE name:$hasNotificationPermission$delegate type:androidx.compose.runtime.MutableState<kotlin.Boolean> visibility:public/*package*/ [final]' type=kotlin.Unit origin=INITIALIZER_OF_FIELD_FOR_CAPTURED_VALUE
                receiver: GET_VAR '<this>: com.dem.telemetry.MainActivityKt.TelemetryRelayScreen.<no name provided> declared in com.dem.telemetry.MainActivityKt.TelemetryRelayScreen.<no name provided>' type=com.dem.telemetry.MainActivityKt.TelemetryRelayScreen.<no name provided> origin=null
                value: GET_VAR '$hasNotificationPermission$delegate: androidx.compose.runtime.MutableState<kotlin.Boolean> declared in com.dem.telemetry.MainActivityKt.TelemetryRelayScreen.<no name provided>.<init>' type=androidx.compose.runtime.MutableState<kotlin.Boolean> origin=null
              DELEGATING_CONSTRUCTOR_CALL 'public constructor <init> (arity: kotlin.Int, $completion: kotlin.coroutines.Continuation<kotlin.Any?>?) declared in kotlin.coroutines.jvm.internal.SuspendLambda'
                arity: CONST Int type=kotlin.Int value=2
                $completion: GET_VAR '$completion: kotlin.coroutines.Continuation<com.dem.telemetry.MainActivityKt.TelemetryRelayScreen.<no name provided>>? declared in com.dem.telemetry.MainActivityKt.TelemetryRelayScreen.<no name provided>.<init>' type=kotlin.coroutines.Continuation<com.dem.telemetry.MainActivityKt.TelemetryRelayScreen.<no name provided>>? origin=null
              BLOCK type=kotlin.Unit origin=null
          FUN name:invokeSuspend visibility:public modality:FINAL <> ($this:com.dem.telemetry.MainActivityKt.TelemetryRelayScreen.<no name provided>, $result:kotlin.Result<kotlin.Any?>) returnType:kotlin.Any?
            overridden:
              protected abstract fun invokeSuspend ($result: kotlin.Result<kotlin.Any?>): kotlin.Any? declared in kotlin.coroutines.jvm.internal.SuspendLambda
            $this: VALUE_PARAMETER INSTANCE_RECEIVER name:<this> type:com.dem.telemetry.MainActivityKt.TelemetryRelayScreen.<no name provided>
            VALUE_PARAMETER name:$result index:0 type:kotlin.Result<kotlin.Any?>
            BLOCK_BODY
              WHEN type=kotlin.Unit origin=IF
                BRANCH
                  if: CALL 'public final fun ANDAND (arg0: kotlin.Boolean, arg1: kotlin.Boolean): kotlin.Boolean declared in kotlin.internal.ir' type=kotlin.Boolean origin=null
                    arg0: CALL 'public final fun greaterOrEqual (arg0: kotlin.Int, arg1: kotlin.Int): kotlin.Boolean declared in kotlin.internal.ir' type=kotlin.Boolean origin=GTEQ
                      arg0: GET_FIELD 'FIELD IR_EXTERNAL_JAVA_DECLARATION_STUB name:SDK_INT type:kotlin.Int visibility:public [final,static]' type=kotlin.Int origin=GET_PROPERTY
                      arg1: CONST Int type=kotlin.Int value=33
                    arg1: CALL 'public final fun not (): kotlin.Boolean [operator] declared in kotlin.Boolean' type=kotlin.Boolean origin=EXCL
                      $this: CALL 'public final fun access$TelemetryRelayScreen$lambda$8 ($hasNotificationPermission$delegate: androidx.compose.runtime.MutableState<kotlin.Boolean>): kotlin.Boolean declared in com.dem.telemetry.MainActivityKt' type=kotlin.Boolean origin=GET_LOCAL_PROPERTY
                        $hasNotificationPermission$delegate: GET_FIELD 'FIELD FIELD_FOR_CAPTURED_VALUE name:$hasNotificationPermission$delegate type:androidx.compose.runtime.MutableState<kotlin.Boolean> visibility:public/*package*/ [final]' type=androidx.compose.runtime.MutableState<kotlin.Boolean> origin=null
                          receiver: GET_VAR '<this>: com.dem.telemetry.MainActivityKt.TelemetryRelayScreen.<no name provided> declared in com.dem.telemetry.MainActivityKt.TelemetryRelayScreen.<no name provided>.invokeSuspend' type=com.dem.telemetry.MainActivityKt.TelemetryRelayScreen.<no name provided> origin=null
                  then: BLOCK type=kotlin.Unit origin=null
                    CALL 'public open fun launch (input: I of androidx.activity.compose.ManagedActivityResultLauncher): kotlin.Unit [fake_override] declared in androidx.activity.compose.ManagedActivityResultLauncher' type=kotlin.Unit origin=null
                      $this: GET_FIELD 'FIELD FIELD_FOR_CAPTURED_VALUE name:$permissionLauncher type:androidx.activity.compose.ManagedActivityResultLauncher<kotlin.String, kotlin.Boolean> visibility:public/*package*/ [final]' type=androidx.activity.compose.ManagedActivityResultLauncher<kotlin.String, kotlin.Boolean> origin=null
                        receiver: GET_VAR '<this>: com.dem.telemetry.MainActivityKt.TelemetryRelayScreen.<no name provided> declared in com.dem.telemetry.MainActivityKt.TelemetryRelayScreen.<no name provided>.invokeSuspend' type=com.dem.telemetry.MainActivityKt.TelemetryRelayScreen.<no name provided> origin=null
                      input: CONST String type=kotlin.String value="android.permission.POST_NOTIFICATIONS"
          FUN name:create visibility:public modality:FINAL <> ($this:com.dem.telemetry.MainActivityKt.TelemetryRelayScreen.<no name provided>, value:kotlin.Any?, $completion:kotlin.coroutines.Continuation<kotlin.Nothing>) returnType:kotlin.coroutines.Continuation<kotlin.Unit>
            overridden:
              public open fun create (value: kotlin.Any?, $completion: kotlin.coroutines.Continuation<kotlin.Nothing>): kotlin.coroutines.Continuation<kotlin.Unit> declared in kotlin.coroutines.jvm.internal.SuspendLambda
            $this: VALUE_PARAMETER INSTANCE_RECEIVER name:<this> type:com.dem.telemetry.MainActivityKt.TelemetryRelayScreen.<no name provided>
            VALUE_PARAMETER name:value index:0 type:kotlin.Any?
            VALUE_PARAMETER name:$completion index:1 type:kotlin.coroutines.Continuation<kotlin.Nothing>
            BLOCK_BODY
              RETURN type=kotlin.Nothing from='public final fun create (value: kotlin.Any?, $completion: kotlin.coroutines.Continuation<kotlin.Nothing>): kotlin.coroutines.Continuation<kotlin.Unit> declared in com.dem.telemetry.MainActivityKt.TelemetryRelayScreen.<no name provided>'
                CONSTRUCTOR_CALL 'public/*package*/ constructor <init> ($permissionLauncher: androidx.activity.compose.ManagedActivityResultLauncher<kotlin.String, kotlin.Boolean>, $hasNotificationPermission$delegate: androidx.compose.runtime.MutableState<kotlin.Boolean>, $completion: kotlin.coroutines.Continuation<com.dem.telemetry.MainActivityKt.TelemetryRelayScreen.<no name provided>>?) [primary] declared in com.dem.telemetry.MainActivityKt.TelemetryRelayScreen.<no name provided>' type=com.dem.telemetry.MainActivityKt.TelemetryRelayScreen.<no name provided> origin=null
                  $permissionLauncher: GET_FIELD 'FIELD FIELD_FOR_CAPTURED_VALUE name:$permissionLauncher type:androidx.activity.compose.ManagedActivityResultLauncher<kotlin.String, kotlin.Boolean> visibility:public/*package*/ [final]' type=androidx.activity.compose.ManagedActivityResultLauncher<kotlin.String, kotlin.Boolean> origin=null
                    receiver: GET_VAR '<this>: com.dem.telemetry.MainActivityKt.TelemetryRelayScreen.<no name provided> declared in com.dem.telemetry.MainActivityKt.TelemetryRelayScreen.<no name provided>.create' type=com.dem.telemetry.MainActivityKt.TelemetryRelayScreen.<no name provided> origin=null
                  $hasNotificationPermission$delegate: GET_FIELD 'FIELD FIELD_FOR_CAPTURED_VALUE name:$hasNotificationPermission$delegate type:androidx.compose.runtime.MutableState<kotlin.Boolean> visibility:public/*package*/ [final]' type=androidx.compose.runtime.MutableState<kotlin.Boolean> origin=null
                    receiver: GET_VAR '<this>: com.dem.telemetry.MainActivityKt.TelemetryRelayScreen.<no name provided> declared in com.dem.telemetry.MainActivityKt.TelemetryRelayScreen.<no name provided>.create' type=com.dem.telemetry.MainActivityKt.TelemetryRelayScreen.<no name provided> origin=null
                  $completion: GET_VAR '$completion: kotlin.coroutines.Continuation<kotlin.Nothing> declared in com.dem.telemetry.MainActivityKt.TelemetryRelayScreen.<no name provided>.create' type=kotlin.coroutines.Continuation<kotlin.Nothing> origin=null
          FUN name:invoke visibility:public modality:FINAL <> ($this:com.dem.telemetry.MainActivityKt.TelemetryRelayScreen.<no name provided>, p1:kotlinx.coroutines.CoroutineScope, p2:kotlin.coroutines.Continuation<kotlin.Unit>?) returnType:kotlin.Any?
            overridden:
              public abstract fun invoke (p1: P1 of kotlin.jvm.functions.Function2, p2: P2 of kotlin.jvm.functions.Function2): R of kotlin.jvm.functions.Function2 declared in kotlin.jvm.functions.Function2
            $this: VALUE_PARAMETER INSTANCE_RECEIVER name:<this> type:com.dem.telemetry.MainActivityKt.TelemetryRelayScreen.<no name provided>
            VALUE_PARAMETER name:p1 index:0 type:kotlinx.coroutines.CoroutineScope
            VALUE_PARAMETER name:p2 index:1 type:kotlin.coroutines.Continuation<kotlin.Unit>?
            BLOCK_BODY
              RETURN type=kotlin.Nothing from='public final fun invoke (p1: kotlinx.coroutines.CoroutineScope, p2: kotlin.coroutines.Continuation<kotlin.Unit>?): kotlin.Any? declared in com.dem.telemetry.MainActivityKt.TelemetryRelayScreen.<no name provided>'
                CALL 'public final fun invokeSuspend ($result: kotlin.Result<kotlin.Any?>): kotlin.Any? declared in com.dem.telemetry.MainActivityKt.TelemetryRelayScreen.<no name provided>' type=kotlin.Any? origin=null
                  $this: TYPE_OP type=com.dem.telemetry.MainActivityKt.TelemetryRelayScreen.<no name provided> origin=IMPLICIT_CAST typeOperand=com.dem.telemetry.MainActivityKt.TelemetryRelayScreen.<no name provided>
                    CALL 'public final fun create (value: kotlin.Any?, $completion: kotlin.coroutines.Continuation<kotlin.Nothing>): kotlin.coroutines.Continuation<kotlin.Unit> declared in com.dem.telemetry.MainActivityKt.TelemetryRelayScreen.<no name provided>' type=kotlin.coroutines.Continuation<kotlin.Unit> origin=null
                      $this: GET_VAR '<this>: com.dem.telemetry.MainActivityKt.TelemetryRelayScreen.<no name provided> declared in com.dem.telemetry.MainActivityKt.TelemetryRelayScreen.<no name provided>.invoke' type=com.dem.telemetry.MainActivityKt.TelemetryRelayScreen.<no name provided> origin=null
                      value: GET_VAR 'p1: kotlinx.coroutines.CoroutineScope declared in com.dem.telemetry.MainActivityKt.TelemetryRelayScreen.<no name provided>.invoke' type=kotlinx.coroutines.CoroutineScope origin=null
                      $completion: GET_VAR 'p2: kotlin.coroutines.Continuation<kotlin.Unit>? declared in com.dem.telemetry.MainActivityKt.TelemetryRelayScreen.<no name provided>.invoke' type=kotlin.coroutines.Continuation<kotlin.Unit>? origin=null
                  $result: CALL 'public final fun <unsafe-coerce> <T, R> (v: T of kotlin.jvm.internal.<unsafe-coerce>): R of kotlin.jvm.internal.<unsafe-coerce> declared in kotlin.jvm.internal' type=kotlin.Result<kotlin.Any?> origin=null
                    <T>: kotlin.Any?
                    <R>: kotlin.Result<kotlin.Any?>
                    v: GET_FIELD 'FIELD FIELD_FOR_OBJECT_INSTANCE name:INSTANCE type:kotlin.Unit visibility:public [final,static]' type=kotlin.Unit origin=null
          FIELD FIELD_FOR_CAPTURED_VALUE name:$permissionLauncher type:androidx.activity.compose.ManagedActivityResultLauncher<kotlin.String, kotlin.Boolean> visibility:public/*package*/ [final]
          FIELD FIELD_FOR_CAPTURED_VALUE name:$hasNotificationPermission$delegate type:androidx.compose.runtime.MutableState<kotlin.Boolean> visibility:public/*package*/ [final]
          FUN BRIDGE name:invoke visibility:public modality:OPEN <> ($this:com.dem.telemetry.MainActivityKt.TelemetryRelayScreen.<no name provided>, p1:kotlin.Any?, p2:kotlin.Any?) returnType:kotlin.Any?
            $this: VALUE_PARAMETER INSTANCE_RECEIVER name:<this> type:com.dem.telemetry.MainActivityKt.TelemetryRelayScreen.<no name provided>
            VALUE_PARAMETER BRIDGE name:p1 index:0 type:kotlin.Any?
            VALUE_PARAMETER BRIDGE name:p2 index:1 type:kotlin.Any?
            EXPRESSION_BODY
              RETURN type=kotlin.Nothing from='public open fun invoke (p1: kotlin.Any?, p2: kotlin.Any?): kotlin.Any? declared in com.dem.telemetry.MainActivityKt.TelemetryRelayScreen.<no name provided>'
                CALL 'public final fun invoke (p1: kotlinx.coroutines.CoroutineScope, p2: kotlin.coroutines.Continuation<kotlin.Unit>?): kotlin.Any? declared in com.dem.telemetry.MainActivityKt.TelemetryRelayScreen.<no name provided>' type=kotlin.Any? origin=BRIDGE_DELEGATION
                  $this: GET_VAR '<this>: com.dem.telemetry.MainActivityKt.TelemetryRelayScreen.<no name provided> declared in com.dem.telemetry.MainActivityKt.TelemetryRelayScreen.<no name provided>.invoke' type=com.dem.telemetry.MainActivityKt.TelemetryRelayScreen.<no name provided> origin=null
                  p1: TYPE_OP type=kotlinx.coroutines.CoroutineScope origin=IMPLICIT_CAST typeOperand=kotlinx.coroutines.CoroutineScope
                    GET_VAR 'p1: kotlin.Any? declared in com.dem.telemetry.MainActivityKt.TelemetryRelayScreen.<no name provided>.invoke' type=kotlin.Any? origin=null
                  p2: TYPE_OP type=kotlin.coroutines.Continuation<*> origin=IMPLICIT_CAST typeOperand=kotlin.coroutines.Continuation<*>
                    GET_VAR 'p2: kotlin.Any? declared in com.dem.telemetry.MainActivityKt.TelemetryRelayScreen.<no name provided>.invoke' type=kotlin.Any? origin=null
        CONSTRUCTOR_CALL 'public/*package*/ constructor <init> ($permissionLauncher: androidx.activity.compose.ManagedActivityResultLauncher<kotlin.String, kotlin.Boolean>, $hasNotificationPermission$delegate: androidx.compose.runtime.MutableState<kotlin.Boolean>, $completion: kotlin.coroutines.Continuation<com.dem.telemetry.MainActivityKt.TelemetryRelayScreen.<no name provided>>?) [primary] declared in com.dem.telemetry.MainActivityKt.TelemetryRelayScreen.<no name provided>' type=com.dem.telemetry.MainActivityKt.TelemetryRelayScreen.<no name provided> origin=null
          $permissionLauncher: GET_VAR 'val permissionLauncher: androidx.activity.compose.ManagedActivityResultLauncher<kotlin.String, kotlin.Boolean> [val] declared in com.dem.telemetry.MainActivityKt.TelemetryRelayScreen' type=androidx.activity.compose.ManagedActivityResultLauncher<kotlin.String, kotlin.Boolean> origin=null
          $hasNotificationPermission$delegate: GET_VAR 'val hasNotificationPermission$delegate: androidx.compose.runtime.MutableState<kotlin.Boolean> [val] declared in com.dem.telemetry.MainActivityKt.TelemetryRelayScreen' type=androidx.compose.runtime.MutableState<kotlin.Boolean> origin=null
          $completion: CONST Null type=kotlin.Nothing? value=null
    CALL 'public final fun Column$default (modifier: androidx.compose.ui.Modifier?, verticalArrangement: androidx.compose.foundation.layout.Arrangement.Vertical?, horizontalAlignment: androidx.compose.ui.Alignment.Horizontal?, content: @[Composable] @[ExtensionFunctionType] kotlin.Function1<androidx.compose.foundation.layout.ColumnScope, kotlin.Unit>, $mask0: kotlin.Int, $handler: kotlin.Any?): kotlin.Unit [inline] declared in androidx.compose.foundation.layout.ColumnKt' type=kotlin.Unit origin=DEFAULT_DISPATCH_CALL
      modifier: CALL 'public final fun padding-3ABfNKs (all: androidx.compose.ui.unit.Dp): androidx.compose.ui.Modifier declared in androidx.compose.foundation.layout.PaddingKt' type=androidx.compose.ui.Modifier origin=null
        $receiver: CALL 'public final fun fillMaxSize$default (fraction: kotlin.Float, $mask0: kotlin.Int, $handler: kotlin.Any?): androidx.compose.ui.Modifier declared in androidx.compose.foundation.layout.SizeKt' type=androidx.compose.ui.Modifier origin=DEFAULT_DISPATCH_CALL
          $receiver: GET_FIELD 'FIELD FIELD_FOR_OBJECT_INSTANCE name:Companion type:androidx.compose.ui.Modifier.Companion visibility:public [final,static]' type=androidx.compose.ui.Modifier.Companion origin=null
          fraction: COMPOSITE type=kotlin.Float origin=DEFAULT_VALUE
            CONST Float type=kotlin.Float value=0.0
          $mask0: CONST Int type=kotlin.Int value=1
          $handler: CONST Null type=kotlin.Any? value=null
        all: CALL 'public final fun <get-dp> (): androidx.compose.ui.unit.Dp [inline] declared in androidx.compose.ui.unit.DpKt' type=androidx.compose.ui.unit.Dp origin=GET_PROPERTY
          $receiver: CONST Int type=kotlin.Int value=20
      verticalArrangement: CALL 'public final fun spacedBy-0680j_4 (space: androidx.compose.ui.unit.Dp): androidx.compose.foundation.layout.Arrangement.HorizontalOrVertical declared in androidx.compose.foundation.layout.Arrangement' type=androidx.compose.foundation.layout.Arrangement.HorizontalOrVertical origin=null
        $this: GET_FIELD 'FIELD FIELD_FOR_OBJECT_INSTANCE name:INSTANCE type:androidx.compose.foundation.layout.Arrangement visibility:public [final,static]' type=androidx.compose.foundation.layout.Arrangement origin=null
        space: CALL 'public final fun <get-dp> (): androidx.compose.ui.unit.Dp [inline] declared in androidx.compose.ui.unit.DpKt' type=androidx.compose.ui.unit.Dp origin=GET_PROPERTY
          $receiver: CONST Int type=kotlin.Int value=12
      horizontalAlignment: COMPOSITE type=androidx.compose.ui.Alignment.Horizontal? origin=DEFAULT_VALUE
        CONST Null type=androidx.compose.ui.Alignment.Horizontal? value=null
      content: BLOCK type=@[ExtensionFunctionType] kotlin.Function1<androidx.compose.foundation.layout.ColumnScope, kotlin.Unit> origin=LAMBDA
        COMPOSITE type=kotlin.Unit origin=null
        FUNCTION_REFERENCE 'private final fun TelemetryRelayScreen$lambda$10 ($localPortText$delegate: androidx.compose.runtime.MutableState<kotlin.String>, $remoteHost$delegate: androidx.compose.runtime.MutableState<kotlin.String>, $remotePortText$delegate: androidx.compose.runtime.MutableState<kotlin.String>, $context: android.content.Context, $hasNotificationPermission$delegate: androidx.compose.runtime.MutableState<kotlin.Boolean>, $status$delegate: androidx.compose.runtime.State<com.dem.telemetry.RelayStatus>): kotlin.Unit declared in com.dem.telemetry.MainActivityKt' type=@[ExtensionFunctionType] kotlin.Function1<androidx.compose.foundation.layout.ColumnScope, kotlin.Unit> origin=INLINE_LAMBDA reflectionTarget=null
          $localPortText$delegate: GET_VAR 'val localPortText$delegate: androidx.compose.runtime.MutableState<kotlin.String> [val] declared in com.dem.telemetry.MainActivityKt.TelemetryRelayScreen' type=androidx.compose.runtime.MutableState<kotlin.String> origin=null
          $remoteHost$delegate: GET_VAR 'val remoteHost$delegate: androidx.compose.runtime.MutableState<kotlin.String> [val] declared in com.dem.telemetry.MainActivityKt.TelemetryRelayScreen' type=androidx.compose.runtime.MutableState<kotlin.String> origin=null
          $remotePortText$delegate: GET_VAR 'val remotePortText$delegate: androidx.compose.runtime.MutableState<kotlin.String> [val] declared in com.dem.telemetry.MainActivityKt.TelemetryRelayScreen' type=androidx.compose.runtime.MutableState<kotlin.String> origin=null
          $context: GET_VAR 'val context: android.content.Context [val] declared in com.dem.telemetry.MainActivityKt.TelemetryRelayScreen' type=android.content.Context origin=null
          $hasNotificationPermission$delegate: GET_VAR 'val hasNotificationPermission$delegate: androidx.compose.runtime.MutableState<kotlin.Boolean> [val] declared in com.dem.telemetry.MainActivityKt.TelemetryRelayScreen' type=androidx.compose.runtime.MutableState<kotlin.Boolean> origin=null
          $status$delegate: GET_VAR 'val status$delegate: androidx.compose.runtime.State<com.dem.telemetry.RelayStatus> [val] declared in com.dem.telemetry.MainActivityKt.TelemetryRelayScreen' type=androidx.compose.runtime.State<com.dem.telemetry.RelayStatus> origin=null
      $mask0: CONST Int type=kotlin.Int value=4
      $handler: CONST Null type=kotlin.Any? value=null

	at org.jetbrains.kotlin.backend.jvm.codegen.FunctionCodegen.generate(FunctionCodegen.kt:51)
	at org.jetbrains.kotlin.backend.jvm.codegen.FunctionCodegen.generate$default(FunctionCodegen.kt:43)
	at org.jetbrains.kotlin.backend.jvm.codegen.ClassCodegen.generateMethodNode(ClassCodegen.kt:390)
	at org.jetbrains.kotlin.backend.jvm.codegen.ClassCodegen.generateMethod(ClassCodegen.kt:407)
	at org.jetbrains.kotlin.backend.jvm.codegen.ClassCodegen.generate(ClassCodegen.kt:169)
	at org.jetbrains.kotlin.backend.jvm.FileCodegen.lower(JvmPhases.kt:41)
	at org.jetbrains.kotlin.backend.common.phaser.FileLoweringPhaseAdapter.invoke(PhaseBuilders.kt:120)
	at org.jetbrains.kotlin.backend.common.phaser.FileLoweringPhaseAdapter.invoke(PhaseBuilders.kt:116)
	at org.jetbrains.kotlin.backend.common.phaser.NamedCompilerPhase.phaseBody(CompilerPhase.kt:147)
	at org.jetbrains.kotlin.backend.common.phaser.AbstractNamedCompilerPhase.invoke(CompilerPhase.kt:94)
	at org.jetbrains.kotlin.backend.common.phaser.PerformByIrFilePhase.invokeSequential(performByIrFile.kt:62)
	... 42 more
Caused by: org.jetbrains.kotlin.codegen.CompilationException: Back-end (JVM) Internal error: Couldn't inline method call: CALL 'public final fun <get-current> (): T of androidx.compose.runtime.CompositionLocal [inline] declared in androidx.compose.runtime.CompositionLocal' type=android.content.Context origin=GET_PROPERTY
Method: null
File is unknown
The root cause java.lang.IllegalStateException was thrown at: org.jetbrains.kotlin.codegen.inline.SourceCompilerForInlineKt.getMethodNode(SourceCompilerForInline.kt:118)
	at org.jetbrains.kotlin.codegen.inline.InlineCodegen.performInline(InlineCodegen.kt:67)
	at org.jetbrains.kotlin.backend.jvm.codegen.IrInlineCodegen.genInlineCall(IrInlineCodegen.kt:162)
	at org.jetbrains.kotlin.backend.jvm.codegen.IrInlineCallGenerator.genCall(IrInlineCallGenerator.kt:36)
	at org.jetbrains.kotlin.backend.jvm.codegen.ExpressionCodegen.visitCall(ExpressionCodegen.kt:627)
	at org.jetbrains.kotlin.backend.jvm.codegen.ExpressionCodegen.visitCall(ExpressionCodegen.kt:134)
	at org.jetbrains.kotlin.ir.expressions.IrCall.accept(IrCall.kt:26)
	at org.jetbrains.kotlin.backend.jvm.codegen.ExpressionCodegen.visitVariable(ExpressionCodegen.kt:757)
	at org.jetbrains.kotlin.backend.jvm.codegen.ExpressionCodegen.visitVariable(ExpressionCodegen.kt:134)
	at org.jetbrains.kotlin.ir.declarations.IrVariable.accept(IrVariable.kt:38)
	at org.jetbrains.kotlin.backend.jvm.codegen.ExpressionCodegen.visitStatementContainer(ExpressionCodegen.kt:562)
	at org.jetbrains.kotlin.backend.jvm.codegen.ExpressionCodegen.visitBlockBody(ExpressionCodegen.kt:567)
	at org.jetbrains.kotlin.backend.jvm.codegen.ExpressionCodegen.visitBlockBody(ExpressionCodegen.kt:134)
	at org.jetbrains.kotlin.ir.expressions.IrBlockBody.accept(IrBlockBody.kt:25)
	at org.jetbrains.kotlin.backend.jvm.codegen.ExpressionCodegen.generate(ExpressionCodegen.kt:228)
	at org.jetbrains.kotlin.backend.jvm.codegen.FunctionCodegen.doGenerate(FunctionCodegen.kt:122)
	at org.jetbrains.kotlin.backend.jvm.codegen.FunctionCodegen.generate(FunctionCodegen.kt:47)
	... 52 more
Caused by: java.lang.IllegalStateException: couldn't find inline method Landroidx/compose/runtime/CompositionLocal;.getCurrent()Ljava/lang/Object;
	at org.jetbrains.kotlin.codegen.inline.SourceCompilerForInlineKt.getMethodNode(SourceCompilerForInline.kt:118)
	at org.jetbrains.kotlin.codegen.inline.SourceCompilerForInlineKt.loadCompiledInlineFunction(SourceCompilerForInline.kt:96)
	at org.jetbrains.kotlin.backend.jvm.codegen.IrSourceCompilerForInline.compileInlineFunction(IrSourceCompilerForInline.kt:91)
	at org.jetbrains.kotlin.codegen.inline.InlineCodegen.compileInline(InlineCodegen.kt:45)
	at org.jetbrains.kotlin.codegen.inline.InlineCodegen.performInline(InlineCodegen.kt:53)
	... 67 more


